
Error: class uri 'gevent' invalid or not found: 

[Traceback (most recent call last):
  File "/home/ubuntu/synthetic-souls/venv/lib/python3.12/site-packages/gunicorn/workers/ggevent.py", line 12, in <module>
    import gevent
ModuleNotFoundError: No module named 'gevent'

During handling of the above exception, another exception occurred:

Traceback (most recent call last):
  File "/home/ubuntu/synthetic-souls/venv/lib/python3.12/site-packages/gunicorn/util.py", line 110, in load_class
    mod = importlib.import_module('.'.join(components))
          ^^^^^^^^^^^^^^^^^^^^^^^^^^^^^^^^^^^^^^^^^^^^^
  File "/usr/lib/python3.12/importlib/__init__.py", line 90, in import_module
    return _bootstrap._gcd_import(name[level:], package, level)
           ^^^^^^^^^^^^^^^^^^^^^^^^^^^^^^^^^^^^^^^^^^^^^^^^^^^^
  File "<frozen importlib._bootstrap>", line 1387, in _gcd_import
  File "<frozen importlib._bootstrap>", line 1360, in _find_and_load
  File "<frozen importlib._bootstrap>", line 1331, in _find_and_load_unlocked
  File "<frozen importlib._bootstrap>", line 935, in _load_unlocked
  File "<frozen importlib._bootstrap_external>", line 995, in exec_module
  File "<frozen importlib._bootstrap>", line 488, in _call_with_frames_removed
  File "/home/ubuntu/synthetic-souls/venv/lib/python3.12/site-packages/gunicorn/workers/ggevent.py", line 14, in <module>
    raise RuntimeError("gevent worker requires gevent 1.4 or higher")
RuntimeError: gevent worker requires gevent 1.4 or higher
]

Starting Gunicorn with options: {'bind': '0.0.0.0:8501', 'workers': 4, 'timeout': 600, 'worker_class': 'gevent', 'capture_output': True, 'loglevel': 'debug'}
